Content-Type: text/plain; charset="utf-8"
MIME-Version: 1.0
Content-Transfer-Encoding: 7bit
Subject: [example.com] Payment Receipt (Invoice #40)
From: billing@example.com
To: jeremy.f.berman@gmail.com
Date: Wed, 17 Dec 2014 17:26:12 -0000
Message-ID: <20141217172612.6489.65948@JeremyRetina.local>

Your example.com account was successfully charged $20.00 to the credit card ending in 4242. The invoice below is for your records.


========================================================
INVOICE #40     December 17, 2014
........................................................


CUSTOMER: jeremy


DETAILS
-------
 - $20.00

TOTAL: $20.00 USD
PAID BY CREDIT CARD: -$20.00
========================================================


Please contact us with any questions regarding this invoice.

---
Your example.com Team
http://example.com

-------------------------------------------------------------------------------
