Content-Type: text/plain; charset="utf-8"
MIME-Version: 1.0
Content-Transfer-Encoding: 7bit
Subject: [example.com] Payment Receipt (Invoice #49)
From: billing@example.com
To: jeremy.f.berman@gmail.com
Date: Wed, 17 Dec 2014 18:58:27 -0000
Message-ID: <20141217185827.9014.10923@JeremyRetina.local>

Your example.com account was successfully charged $28.68 to the credit card ending in 4242. The invoice below is for your records.


========================================================
INVOICE #49     December 17, 2014
........................................................


CUSTOMER: jeremy


DETAILS
-------
 - $28.68

TOTAL: $28.68 USD
PAID BY CREDIT CARD: -$28.68
========================================================


Please contact us with any questions regarding this invoice.

---
Your example.com Team
http://example.com

-------------------------------------------------------------------------------
