Content-Type: text/plain; charset="utf-8"
MIME-Version: 1.0
Content-Transfer-Encoding: 7bit
Subject: [example.com] Payment Receipt (Invoice #42)
From: billing@example.com
To: jeremy.f.berman@gmail.com
Date: Wed, 17 Dec 2014 18:41:54 -0000
Message-ID: <20141217184154.8751.68083@JeremyRetina.local>

Your example.com account was successfully charged $45.41 to the credit card ending in 4242. The invoice below is for your records.


========================================================
INVOICE #42     December 17, 2014
........................................................


CUSTOMER: jeremy


DETAILS
-------
 - $45.41

TOTAL: $45.41 USD
PAID BY CREDIT CARD: -$45.41
========================================================


Please contact us with any questions regarding this invoice.

---
Your example.com Team
http://example.com

-------------------------------------------------------------------------------
